Starting Sequential Image Generation (Round 5: Scene & Atmosphere)...
Processing Case 06daedf9-e2e3-46ea-9657-f074b2136cbc: 투자 사기 당한 퇴직금, 민사 승소 후 강제집행 [금융/사기]
Saved: sc_06daedf9-e2e3-46ea-9657-f074b2136cbc.png
Database updated for 06daedf9-e2e3-46ea-9657-f074b2136cbc
Waiting 30000ms...
Processing Case 0ce2a7f0-1b2f-45c9-9ca1-5917bf8b9bf1: 유치권 행사 방해 금지 가처분 인용 [부동산/임대차]
Saved: sc_0ce2a7f0-1b2f-45c9-9ca1-5917bf8b9bf1.png
Database updated for 0ce2a7f0-1b2f-45c9-9ca1-5917bf8b9bf1
Waiting 30000ms...
Processing Case 0d8159a1-5844-4d10-8aca-f7404716b1df: 강제추행 누명, CCTV 사각지대 법의학 분석으로 무죄 [형사/기타]
Saved: sc_0d8159a1-5844-4d10-8aca-f7404716b1df.png
Database updated for 0d8159a1-5844-4d10-8aca-f7404716b1df
Waiting 30000ms...
Processing Case 0f7c0a19-b735-4147-9c28-bb98c9069d92: 기획부동산 사기, 맹지 매입금 2억원 반환 판결 [부동산/임대차]
Saved: sc_0f7c0a19-b735-4147-9c28-bb98c9069d92.png
Database updated for 0f7c0a19-b735-4147-9c28-bb98c9069d92
Waiting 30000ms...
Processing Case 11dbd03b-c700-4bfa-8e3e-043a89d83cd2: 차용증 없는 대여금 5000만원, 카톡 증거로 승소 [금융/사기]
Saved: sc_11dbd03b-c700-4bfa-8e3e-043a89d83cd2.png
Database updated for 11dbd03b-c700-4bfa-8e3e-043a89d83cd2
Waiting 30000ms...
Processing Case 1a755bb5-077d-461f-ba74-09398b29bc98: 상가 권리금 1억 5천만원 회수 방해, 임대인 상대 손해배상 승소 [부동산/임대차]
Saved: sc_1a755bb5-077d-461f-ba74-09398b29bc98.png
Database updated for 1a755bb5-077d-461f-ba74-09398b29bc98
Waiting 30000ms...
Processing Case 1ecb5735-22a2-4719-8246-44ab7bf43502: 60대 고령자 파산 면책, 은닉 재산 소명 [개인회생/파산]
Saved: sc_1ecb5735-22a2-4719-8246-44ab7bf43502.png
Database updated for 1ecb5735-22a2-4719-8246-44ab7bf43502
Waiting 30000ms...
Processing Case 21894798-3d1f-4300-ad51-fdeac367bc7d: 이혼 재산분할, 숨겨진 비트코인 찾아내 50% 분할 (재산 명시 명령) [형사/기타]
Saved: sc_21894798-3d1f-4300-ad51-fdeac367bc7d.png
Database updated for 21894798-3d1f-4300-ad51-fdeac367bc7d
Waiting 30000ms...
Processing Case 21a5aa19-2748-45f7-9700-7ebdf6c1af39: 소득 불규칙한 프리랜서, 조건부 인가 방어 [개인회생/파산]
Saved: sc_21a5aa19-2748-45f7-9700-7ebdf6c1af39.png
Database updated for 21a5aa19-2748-45f7-9700-7ebdf6c1af39
Waiting 30000ms...
Processing Case 2bcad676-ceec-4365-b209-f7b68d404194: 중고차 허위매물 사기, 딜러 구속 및 피해금 환불 [금융/사기]
Saved: sc_2bcad676-ceec-4365-b209-f7b68d404194.png
Database updated for 2bcad676-ceec-4365-b209-f7b68d404194
Waiting 30000ms...
Processing Case 2f27ec2d-3b35-45fe-aa37-0a762ce911dd: P2P 대출 연체, 플랫폼 상대로 원금 회수 [금융/사기]
[429] Quota exhausted. Waiting...
Stopping sequence due to Quota Limit. Resume later.
Finished sequence. Processed: 10 cases.
