Starting Sequential Image Generation...
Processing Case 06daedf9-e2e3-46ea-9657-f074b2136cbc: 투자 사기 당한 퇴직금, 민사 승소 후 강제집행 [금융/사기]
Saved: sc_06daedf9-e2e3-46ea-9657-f074b2136cbc.png
Database updated for 06daedf9-e2e3-46ea-9657-f074b2136cbc
Waiting 30000ms...
Processing Case 0ce2a7f0-1b2f-45c9-9ca1-5917bf8b9bf1: 유치권 행사 방해 금지 가처분 인용 [부동산/임대차]
Saved: sc_0ce2a7f0-1b2f-45c9-9ca1-5917bf8b9bf1.png
Database updated for 0ce2a7f0-1b2f-45c9-9ca1-5917bf8b9bf1
Waiting 30000ms...
Processing Case 0d8159a1-5844-4d10-8aca-f7404716b1df: 강제추행 누명, CCTV 사각지대 법의학 분석으로 무죄 [형사/기타]
Saved: sc_0d8159a1-5844-4d10-8aca-f7404716b1df.png
Database updated for 0d8159a1-5844-4d10-8aca-f7404716b1df
Waiting 30000ms...
Processing Case 0f7c0a19-b735-4147-9c28-bb98c9069d92: 기획부동산 사기, 맹지 매입금 2억원 반환 판결 [부동산/임대차]
Saved: sc_0f7c0a19-b735-4147-9c28-bb98c9069d92.png
Database updated for 0f7c0a19-b735-4147-9c28-bb98c9069d92
Waiting 30000ms...
Processing Case 11dbd03b-c700-4bfa-8e3e-043a89d83cd2: 차용증 없는 대여금 5000만원, 카톡 증거로 승소 [금융/사기]
Saved: sc_11dbd03b-c700-4bfa-8e3e-043a89d83cd2.png
Database updated for 11dbd03b-c700-4bfa-8e3e-043a89d83cd2
Waiting 30000ms...
Processing Case 1a755bb5-077d-461f-ba74-09398b29bc98: 상가 권리금 1억 5천만원 회수 방해, 임대인 상대 손해배상 승소 [부동산/임대차]
Saved: sc_1a755bb5-077d-461f-ba74-09398b29bc98.png
Database updated for 1a755bb5-077d-461f-ba74-09398b29bc98
Waiting 30000ms...
Processing Case 1ecb5735-22a2-4719-8246-44ab7bf43502: 60대 고령자 파산 면책, 은닉 재산 소명 [개인회생/파산]
Saved: sc_1ecb5735-22a2-4719-8246-44ab7bf43502.png
Database updated for 1ecb5735-22a2-4719-8246-44ab7bf43502
Waiting 30000ms...
Processing Case 21894798-3d1f-4300-ad51-fdeac367bc7d: 이혼 재산분할, 숨겨진 비트코인 찾아내 50% 분할 (재산 명시 명령) [형사/기타]
Saved: sc_21894798-3d1f-4300-ad51-fdeac367bc7d.png
Database updated for 21894798-3d1f-4300-ad51-fdeac367bc7d
Waiting 30000ms...
Processing Case 21a5aa19-2748-45f7-9700-7ebdf6c1af39: 소득 불규칙한 프리랜서, 조건부 인가 방어 [개인회생/파산]
Saved: sc_21a5aa19-2748-45f7-9700-7ebdf6c1af39.png
Database updated for 21a5aa19-2748-45f7-9700-7ebdf6c1af39
Waiting 30000ms...
Processing Case 2bcad676-ceec-4365-b209-f7b68d404194: 중고차 허위매물 사기, 딜러 구속 및 피해금 환불 [금융/사기]
Saved: sc_2bcad676-ceec-4365-b209-f7b68d404194.png
Database updated for 2bcad676-ceec-4365-b209-f7b68d404194
Waiting 30000ms...
Processing Case 2f27ec2d-3b35-45fe-aa37-0a762ce911dd: P2P 대출 연체, 플랫폼 상대로 원금 회수 [금융/사기]
Saved: sc_2f27ec2d-3b35-45fe-aa37-0a762ce911dd.png
Database updated for 2f27ec2d-3b35-45fe-aa37-0a762ce911dd
Waiting 30000ms...
Processing Case 344bfd19-a534-4704-b4d5-c5a3a12e60fd: 이혼 후 양육비 채무 포함 회생 인가 [개인회생/파산]
Saved: sc_344bfd19-a534-4704-b4d5-c5a3a12e60fd.png
Database updated for 344bfd19-a534-4704-b4d5-c5a3a12e60fd
Waiting 30000ms...
Processing Case 4583dc50-865a-4aa5-8def-f18267a8bac3: 보증 채무 폭탄, 주채무자 파산 후 의뢰인 회생 [개인회생/파산]
Saved: sc_4583dc50-865a-4aa5-8def-f18267a8bac3.png
Database updated for 4583dc50-865a-4aa5-8def-f18267a8bac3
Waiting 30000ms...
Processing Case 49d8d70c-499e-4f49-b12a-f92a0424e544: 은행 직원의 금융상품 불완전 판매, 손해배상 승소 [금융/사기]
Saved: sc_49d8d70c-499e-4f49-b12a-f92a0424e544.png
Database updated for 49d8d70c-499e-4f49-b12a-f92a0424e544
Waiting 30000ms...
Processing Case 4a436e66-c438-4eac-a4ec-58d9e9d3105c: 보이스피싱 피해자 채무부존재 확인 소송 [금융/사기]
Saved: sc_4a436e66-c438-4eac-a4ec-58d9e9d3105c.png
Database updated for 4a436e66-c438-4eac-a4ec-58d9e9d3105c
Waiting 30000ms...
Processing Case 4d06dbf7-9839-4e30-b1a7-6343c8984f1b: 손해보험사 보험금 부지급 횡포, 전액 수령 성공 [금융/사기]
Saved: sc_4d06dbf7-9839-4e30-b1a7-6343c8984f1b.png
Database updated for 4d06dbf7-9839-4e30-b1a7-6343c8984f1b
Waiting 30000ms...
Processing Case 4dd6ccc8-9f2e-4f16-841b-fb6ec51fd20b: 자영업자 개인회생 인가, 탕감율 78% 달성 [개인회생/파산]
Saved: sc_4dd6ccc8-9f2e-4f16-841b-fb6ec51fd20b.png
Database updated for 4dd6ccc8-9f2e-4f16-841b-fb6ec51fd20b
Waiting 30000ms...
Processing Case 53bafbfe-a031-4829-b4d3-f8d618914c93: 채무 너무 많아 개인회생 불가? 일반회생 승인 [개인회생/파산]
Saved: sc_53bafbfe-a031-4829-b4d3-f8d618914c93.png
Database updated for 53bafbfe-a031-4829-b4d3-f8d618914c93
Waiting 30000ms...
Processing Case 5453029b-b926-485a-aca6-10dfe97571d6: 상속 기여분 소송, 20년 모신 효심 인정 [형사/기타]
Saved: sc_5453029b-b926-485a-aca6-10dfe97571d6.png
Database updated for 5453029b-b926-485a-aca6-10dfe97571d6
Waiting 30000ms...
Processing Case 59efac5f-6c09-4ed6-b4da-fd10e99c9582: 부동산 이중매매 배임죄 고소 및 소유권 확보 [부동산/임대차]
Saved: sc_59efac5f-6c09-4ed6-b4da-fd10e99c9582.png
Database updated for 59efac5f-6c09-4ed6-b4da-fd10e99c9582
Waiting 30000ms...
Processing Case 5d08d447-b798-4f09-ae9f-081726b67045: 코인 채굴기 투자 사기, 다단계 조직원 처벌 [금융/사기]
Saved: sc_5d08d447-b798-4f09-ae9f-081726b67045.png
Database updated for 5d08d447-b798-4f09-ae9f-081726b67045
Waiting 30000ms...
Processing Case 5d8dd960-f3af-41ec-9cb5-bed35b132091: 성형수술 부작용 의료 소송, 배상금 수령 [형사/기타]
Saved: sc_5d8dd960-f3af-41ec-9cb5-bed35b132091.png
Database updated for 5d8dd960-f3af-41ec-9cb5-bed35b132091
Waiting 30000ms...
Processing Case 5f36e262-2bc0-417e-96a8-01ec02911efb: 상가 권리금 회수 방해, 임대인 손해배상 청구 [형사/기타]
Saved: sc_5f36e262-2bc0-417e-96a8-01ec02911efb.png
Database updated for 5f36e262-2bc0-417e-96a8-01ec02911efb
Waiting 30000ms...
Processing Case 640a2743-95a4-4da1-9799-a7acbbd31d1f: 화물 트럭 지입차주, 영업 소득 회생 성공 [개인회생/파산]
Saved: sc_640a2743-95a4-4da1-9799-a7acbbd31d1f.png
Database updated for 640a2743-95a4-4da1-9799-a7acbbd31d1f
Waiting 30000ms...
Processing Case 64eb44c8-da87-4fd4-83ae-ef9f0e2b1c54: 업무상 횡령, 회사 법인카드 유용 혐의 방어 [형사/기타]
Saved: sc_64eb44c8-da87-4fd4-83ae-ef9f0e2b1c54.png
Database updated for 64eb44c8-da87-4fd4-83ae-ef9f0e2b1c54
Waiting 30000ms...
Processing Case 72cbe440-4978-4d53-858a-1f4895d3d71a: 신용카드 부정 사용 매출 취소 소송 [금융/사기]
Saved: sc_72cbe440-4978-4d53-858a-1f4895d3d71a.png
Database updated for 72cbe440-4978-4d53-858a-1f4895d3d71a
Waiting 30000ms...
Processing Case 753227ec-de69-40ab-8b60-8145c5ac60e6: 임대주택 분양 전환 갈등, 적정 분양가 승인 처분 [부동산/임대차]
Saved: sc_753227ec-de69-40ab-8b60-8145c5ac60e6.png
Database updated for 753227ec-de69-40ab-8b60-8145c5ac60e6
Waiting 30000ms...
Processing Case 77e335d1-367d-49cc-9405-a48df936dcb4: 불법 사금융 연 3000% 살인적 이자 무효 소송 [금융/사기]
Saved: sc_77e335d1-367d-49cc-9405-a48df936dcb4.png
Database updated for 77e335d1-367d-49cc-9405-a48df936dcb4
Waiting 30000ms...
Processing Case 786ed584-f708-4433-8b3b-090b8c233c61: 아파트 하자 보수 소송, 시공사 상대로 승소 [형사/기타]
Saved: sc_786ed584-f708-4433-8b3b-090b8c233c61.png
Database updated for 786ed584-f708-4433-8b3b-090b8c233c61
Waiting 30000ms...
Processing Case 796ae212-022b-4bba-ab2a-9fe21f02977d: 오피스텔 분양 사기, 신탁사 상대로 계약금 반환 [부동산/임대차]
Saved: sc_796ae212-022b-4bba-ab2a-9fe21f02977d.png
Database updated for 796ae212-022b-4bba-ab2a-9fe21f02977d
Waiting 30000ms...
