Starting Sequential Image Generation...
Processing Case 06daedf9-e2e3-46ea-9657-f074b2136cbc: 투자 사기 당한 퇴직금, 민사 승소 후 강제집행 [금융/사기]
Saved: sc_06daedf9-e2e3-46ea-9657-f074b2136cbc.png
Database updated for 06daedf9-e2e3-46ea-9657-f074b2136cbc
Waiting 30000ms...
Processing Case 0ce2a7f0-1b2f-45c9-9ca1-5917bf8b9bf1: 유치권 행사 방해 금지 가처분 인용 [부동산/임대차]
Saved: sc_0ce2a7f0-1b2f-45c9-9ca1-5917bf8b9bf1.png
Database updated for 0ce2a7f0-1b2f-45c9-9ca1-5917bf8b9bf1
Waiting 30000ms...
Processing Case 0d8159a1-5844-4d10-8aca-f7404716b1df: 강제추행 누명, CCTV 사각지대 법의학 분석으로 무죄 [형사/기타]
Saved: sc_0d8159a1-5844-4d10-8aca-f7404716b1df.png
Database updated for 0d8159a1-5844-4d10-8aca-f7404716b1df
Waiting 30000ms...
Processing Case 0f7c0a19-b735-4147-9c28-bb98c9069d92: 기획부동산 사기, 맹지 매입금 2억원 반환 판결 [부동산/임대차]
Saved: sc_0f7c0a19-b735-4147-9c28-bb98c9069d92.png
Database updated for 0f7c0a19-b735-4147-9c28-bb98c9069d92
Waiting 30000ms...
Processing Case 11dbd03b-c700-4bfa-8e3e-043a89d83cd2: 차용증 없는 대여금 5000만원, 카톡 증거로 승소 [금융/사기]
Saved: sc_11dbd03b-c700-4bfa-8e3e-043a89d83cd2.png
Database updated for 11dbd03b-c700-4bfa-8e3e-043a89d83cd2
Waiting 30000ms...
